TN:
SF:src\modules\authors\repositories\AuthorsRepository.js
FN:4,AuthorsRepository
FN:8,listAll
FNF:2
FNH:2
FNDA:2,AuthorsRepository
FNDA:2,listAll
DA:1,1
DA:2,1
DA:3,1
DA:4,1
DA:5,2
DA:6,2
DA:7,1
DA:8,1
DA:9,2
DA:10,2
DA:11,1
DA:12,1
DA:13,1
LF:13
LH:13
BRDA:4,0,0,2
BRDA:8,1,0,2
BRF:2
BRH:2
end_of_record
TN:
SF:src\modules\authors\services\ListAuthorsSerice.js
FN:3,ListAuthorsSerice
FN:8,execute
FNF:2
FNH:2
FNDA:1,ListAuthorsSerice
FNDA:1,execute
DA:1,1
DA:2,1
DA:3,1
DA:4,1
DA:5,1
DA:6,1
DA:7,1
DA:8,1
DA:9,1
DA:10,1
DA:11,1
DA:12,1
DA:13,1
DA:14,1
DA:15,1
LF:15
LH:15
BRDA:3,0,0,1
BRDA:8,1,0,1
BRF:2
BRH:2
end_of_record
TN:
SF:src\modules\quotes\repositories\QuotesRepository.js
FN:7,QuotesRepository
FN:11,listAll
FN:15,listByPerson
FN:20,addQuote
FN:31,updateQuote
FN:46,deleteQuote
FNF:6
FNH:6
FNDA:23,QuotesRepository
FNDA:5,listAll
FNDA:5,listByPerson
FNDA:13,addQuote
FNDA:9,updateQuote
FNDA:3,deleteQuote
DA:1,1
DA:2,1
DA:3,1
DA:4,1
DA:5,1
DA:6,1
DA:7,1
DA:8,23
DA:9,23
DA:10,1
DA:11,1
DA:12,5
DA:13,5
DA:14,1
DA:15,1
DA:16,5
DA:17,5
DA:18,5
DA:19,1
DA:20,1
DA:21,13
DA:22,13
DA:23,13
DA:24,13
DA:25,13
DA:26,13
DA:27,13
DA:28,13
DA:29,13
DA:30,1
DA:31,1
DA:32,9
DA:33,9
DA:34,9
DA:35,9
DA:36,3
DA:37,3
DA:38,6
DA:39,9
DA:40,9
DA:41,9
DA:42,6
DA:43,6
DA:44,6
DA:45,1
DA:46,1
DA:47,3
DA:48,3
DA:49,3
DA:50,3
DA:51,1
DA:52,1
DA:53,2
DA:54,2
DA:55,2
DA:56,1
DA:57,1
DA:58,1
LF:58
LH:58
BRDA:7,0,0,23
BRDA:11,1,0,5
BRDA:15,2,0,5
BRDA:16,3,0,75
BRDA:20,4,0,13
BRDA:31,5,0,9
BRDA:35,6,0,3
BRDA:38,7,0,6
BRDA:39,8,0,4
BRDA:39,9,0,6
BRDA:40,10,0,4
BRDA:40,11,0,6
BRDA:41,12,0,1
BRDA:41,13,0,6
BRDA:33,14,0,162
BRDA:46,15,0,3
BRDA:50,16,0,2
BRDA:50,17,0,1
BRDA:48,18,0,52
BRF:19
BRH:19
end_of_record
TN:
SF:src\modules\quotes\services\AddQuoteService.js
FN:5,AddQuoteService
FN:10,execute
FNF:2
FNH:2
FNDA:7,AddQuoteService
FNDA:7,execute
DA:1,1
DA:2,1
DA:3,1
DA:4,1
DA:5,1
DA:6,7
DA:7,7
DA:8,7
DA:9,1
DA:10,1
DA:11,7
DA:12,7
DA:13,7
DA:14,1
DA:15,1
DA:16,1
LF:16
LH:16
BRDA:5,0,0,7
BRDA:10,1,0,7
BRF:2
BRH:2
end_of_record
TN:
SF:src\modules\quotes\services\DeleteQuoteService.js
FN:3,DeleteQuoteService
FN:8,execute
FNF:2
FNH:2
FNDA:2,DeleteQuoteService
FNDA:2,execute
DA:1,1
DA:2,1
DA:3,1
DA:4,2
DA:5,2
DA:6,2
DA:7,1
DA:8,1
DA:9,2
DA:10,2
DA:11,1
DA:12,1
DA:13,1
LF:13
LH:13
BRDA:3,0,0,2
BRDA:8,1,0,2
BRF:2
BRH:2
end_of_record
TN:
SF:src\modules\quotes\services\GetRandomQuoteService.js
FN:5,GetRandomQuoteService
FN:9,execute
FNF:2
FNH:2
FNDA:1,GetRandomQuoteService
FNDA:1,execute
DA:1,1
DA:2,1
DA:3,1
DA:4,1
DA:5,1
DA:6,1
DA:7,1
DA:8,1
DA:9,1
DA:10,1
DA:11,1
DA:12,1
DA:13,1
DA:14,1
DA:15,1
DA:16,1
LF:16
LH:16
BRDA:5,0,0,1
BRDA:9,1,0,1
BRF:2
BRH:2
end_of_record
TN:
SF:src\modules\quotes\services\ListQuotesSerice.js
FN:3,ListQuotesService
FN:8,execute
FNF:2
FNH:2
FNDA:3,ListQuotesService
FNDA:3,execute
DA:1,1
DA:2,1
DA:3,1
DA:4,3
DA:5,3
DA:6,3
DA:7,1
DA:8,1
DA:9,3
DA:10,3
DA:11,3
DA:12,3
DA:13,2
DA:14,2
DA:15,3
DA:16,3
DA:17,3
DA:18,3
DA:19,1
DA:20,1
DA:21,1
LF:21
LH:21
BRDA:3,0,0,3
BRDA:8,1,0,3
BRDA:13,2,0,1
BRDA:12,3,0,2
BRF:4
BRH:4
end_of_record
TN:
SF:src\modules\quotes\services\UpdateQuoteService.js
FN:3,UpdateQuoteService
FN:8,execute
FNF:2
FNH:2
FNDA:4,UpdateQuoteService
FNDA:4,execute
DA:1,1
DA:2,1
DA:3,1
DA:4,4
DA:5,4
DA:6,4
DA:7,1
DA:8,1
DA:9,4
DA:10,4
DA:11,1
DA:12,1
DA:13,1
LF:13
LH:13
BRDA:3,0,0,4
BRDA:8,1,0,4
BRF:2
BRH:2
end_of_record
TN:
SF:src\modules\quotes\utils\utils.js
FN:3,isQuoteCorrect
FN:16,isNumeric
FNF:2
FNH:2
FNDA:13,isQuoteCorrect
FNDA:12,isNumeric
DA:1,1
DA:2,1
DA:3,1
DA:4,13
DA:5,13
DA:6,12
DA:7,13
DA:8,13
DA:9,12
DA:10,13
DA:11,13
DA:12,13
DA:13,13
DA:14,1
DA:15,1
DA:16,12
DA:17,12
DA:18,12
DA:19,1
DA:20,1
LF:20
LH:20
BRDA:3,0,0,13
BRDA:4,1,0,12
BRDA:4,2,0,12
BRDA:5,3,0,1
BRDA:5,4,0,12
BRDA:8,5,0,0
BRDA:8,6,0,12
BRDA:11,7,0,0
BRDA:16,8,0,12
BRF:9
BRH:7
end_of_record
TN:
SF:src\shared\errors\AppError.js
FN:2,AppError
FNF:1
FNH:1
FNDA:5,AppError
DA:1,1
DA:2,1
DA:3,5
DA:4,5
DA:5,5
DA:6,1
DA:7,1
DA:8,1
LF:8
LH:8
BRDA:2,0,0,5
BRF:1
BRH:1
end_of_record
TN:
SF:src\shared\storage\data.js
FNF:0
FNH:0
DA:1,1
DA:2,1
DA:3,1
DA:4,1
DA:5,1
DA:6,1
DA:7,1
DA:8,1
DA:9,1
DA:10,1
DA:11,1
DA:12,1
DA:13,1
DA:14,1
DA:15,1
DA:16,1
DA:17,1
DA:18,1
DA:19,1
DA:20,1
DA:21,1
DA:22,1
DA:23,1
DA:24,1
DA:25,1
DA:26,1
DA:27,1
DA:28,1
DA:29,1
DA:30,1
DA:31,1
DA:32,1
DA:33,1
DA:34,1
DA:35,1
DA:36,1
DA:37,1
DA:38,1
DA:39,1
DA:40,1
DA:41,1
DA:42,1
DA:43,1
DA:44,1
DA:45,1
DA:46,1
DA:47,1
DA:48,1
DA:49,1
DA:50,1
DA:51,1
DA:52,1
DA:53,1
DA:54,1
DA:55,1
DA:56,1
DA:57,1
DA:58,1
DA:59,1
DA:60,1
DA:61,1
DA:62,1
DA:63,1
DA:64,1
DA:65,1
DA:66,1
DA:67,1
DA:68,1
DA:69,1
DA:70,1
DA:71,1
DA:72,1
DA:73,1
DA:74,1
DA:75,1
DA:76,1
DA:77,1
DA:78,1
DA:79,1
DA:80,1
DA:81,1
DA:82,1
DA:83,1
DA:84,1
DA:85,1
DA:86,1
DA:87,1
DA:88,1
DA:89,1
DA:90,1
DA:91,1
DA:92,1
DA:93,1
DA:94,1
DA:95,1
DA:96,1
DA:97,1
DA:98,1
DA:99,1
DA:100,1
DA:101,1
DA:102,1
DA:103,1
DA:104,1
DA:105,1
DA:106,1
DA:107,1
DA:108,1
DA:109,1
DA:110,1
DA:111,1
DA:112,1
DA:113,1
DA:114,1
DA:115,1
DA:116,1
DA:117,1
DA:118,1
DA:119,1
DA:120,1
DA:121,1
DA:122,1
DA:123,1
DA:124,1
DA:125,1
DA:126,1
DA:127,1
DA:128,1
DA:129,1
DA:130,1
DA:131,1
DA:132,1
DA:133,1
DA:134,1
DA:135,1
DA:136,1
DA:137,1
DA:138,1
DA:139,1
DA:140,1
DA:141,1
DA:142,1
DA:143,1
DA:144,1
DA:145,1
DA:146,1
DA:147,1
DA:148,1
DA:149,1
DA:150,1
LF:150
LH:150
BRF:0
BRH:0
end_of_record
TN:
SF:src\shared\storage\fake-data.js
FNF:0
FNH:0
DA:1,1
DA:2,1
DA:3,1
DA:4,1
DA:5,1
DA:6,1
DA:7,1
DA:8,1
DA:9,1
DA:10,1
DA:11,1
DA:12,1
DA:13,1
DA:14,1
DA:15,1
DA:16,1
DA:17,1
DA:18,1
DA:19,1
DA:20,1
DA:21,1
DA:22,1
DA:23,1
DA:24,1
DA:25,1
DA:26,1
DA:27,1
DA:28,1
DA:29,1
DA:30,1
DA:31,1
DA:32,1
DA:33,1
DA:34,1
DA:35,1
DA:36,1
DA:37,1
DA:38,1
DA:39,1
DA:40,1
DA:41,1
DA:42,1
DA:43,1
DA:44,1
DA:45,1
DA:46,1
DA:47,1
DA:48,1
DA:49,1
DA:50,1
DA:51,1
DA:52,1
DA:53,1
DA:54,1
DA:55,1
DA:56,1
DA:57,1
DA:58,1
DA:59,1
DA:60,1
DA:61,1
DA:62,1
DA:63,1
DA:64,1
DA:65,1
DA:66,1
LF:66
LH:66
BRF:0
BRH:0
end_of_record
TN:
SF:src\shared\utils\utils.js
FN:1,getRandomElement
FNF:1
FNH:1
FNDA:3,getRandomElement
DA:1,1
DA:2,3
DA:3,3
DA:4,3
DA:5,1
DA:6,1
DA:7,1
DA:8,1
LF:8
LH:8
BRDA:1,0,0,3
BRDA:2,1,0,0
BRF:2
BRH:1
end_of_record
